This is pdfTeX, Version 3.1415926-2.5-1.40.14 (TeX Live 2013/Debian) (format=pdflatex 2016.4.13)  19 APR 2016 22:30
entering extended mode
 restricted \write18 enabled.
 %&-line parsing enabled.
**project2.tex
(./project2.tex
LaTeX2e <2011/06/27>
Babel <3.9h> and hyphenation patterns for 78 languages loaded.
(/usr/share/texlive/texmf-dist/tex/latex/base/report.cls
Document Class: report 2007/10/19 v1.4h Standard LaTeX document class
(/usr/share/texlive/texmf-dist/tex/latex/base/size10.clo
File: size10.clo 2007/10/19 v1.4h Standard LaTeX file (size option)
)
\c@part=\count79
\c@chapter=\count80
\c@section=\count81
\c@subsection=\count82
\c@subsubsection=\count83
\c@paragraph=\count84
\c@subparagraph=\count85
\c@figure=\count86
\c@table=\count87
\abovecaptionskip=\skip41
\belowcaptionskip=\skip42
\bibindent=\dimen102
)
(/usr/share/texlive/texmf-dist/tex/latex/graphics/graphicx.sty
Package: graphicx 1999/02/16 v1.0f Enhanced LaTeX Graphics (DPC,SPQR)

(/usr/share/texlive/texmf-dist/tex/latex/graphics/keyval.sty
Package: keyval 1999/03/16 v1.13 key=value parser (DPC)
\KV@toks@=\toks14
)
(/usr/share/texlive/texmf-dist/tex/latex/graphics/graphics.sty
Package: graphics 2009/02/05 v1.0o Standard LaTeX Graphics (DPC,SPQR)

(/usr/share/texlive/texmf-dist/tex/latex/graphics/trig.sty
Package: trig 1999/03/16 v1.09 sin cos tan (DPC)
)
(/usr/share/texlive/texmf-dist/tex/latex/latexconfig/graphics.cfg
File: graphics.cfg 2010/04/23 v1.9 graphics configuration of TeX Live
)
Package graphics Info: Driver file: pdftex.def on input line 91.

(/usr/share/texlive/texmf-dist/tex/latex/pdftex-def/pdftex.def
File: pdftex.def 2011/05/27 v0.06d Graphics/color for pdfTeX

(/usr/share/texlive/texmf-dist/tex/generic/oberdiek/infwarerr.sty
Package: infwarerr 2010/04/08 v1.3 Providing info/warning/error messages (HO)
)
(/usr/share/texlive/texmf-dist/tex/generic/oberdiek/ltxcmds.sty
Package: ltxcmds 2011/11/09 v1.22 LaTeX kernel commands for general use (HO)
)
\Gread@gobject=\count88
))
\Gin@req@height=\dimen103
\Gin@req@width=\dimen104
)
(/usr/share/texlive/texmf-dist/tex/latex/graphics/lscape.sty
Package: lscape 2000/10/22 v3.01 Landscape Pages (DPC)
) (./project2.aux)
\openout1 = `project2.aux'.

LaTeX Font Info:    Checking defaults for OML/cmm/m/it on input line 5.
LaTeX Font Info:    ... okay on input line 5.
LaTeX Font Info:    Checking defaults for T1/cmr/m/n on input line 5.
LaTeX Font Info:    ... okay on input line 5.
LaTeX Font Info:    Checking defaults for OT1/cmr/m/n on input line 5.
LaTeX Font Info:    ... okay on input line 5.
LaTeX Font Info:    Checking defaults for OMS/cmsy/m/n on input line 5.
LaTeX Font Info:    ... okay on input line 5.
LaTeX Font Info:    Checking defaults for OMX/cmex/m/n on input line 5.
LaTeX Font Info:    ... okay on input line 5.
LaTeX Font Info:    Checking defaults for U/cmr/m/n on input line 5.
LaTeX Font Info:    ... okay on input line 5.

(/usr/share/texlive/texmf-dist/tex/context/base/supp-pdf.mkii
[Loading MPS to PDF converter (version 2006.09.02).]
\scratchcounter=\count89
\scratchdimen=\dimen105
\scratchbox=\box26
\nofMPsegments=\count90
\nofMParguments=\count91
\everyMPshowfont=\toks15
\MPscratchCnt=\count92
\MPscratchDim=\dimen106
\MPnumerator=\count93
\makeMPintoPDFobject=\count94
\everyMPtoPDFconversion=\toks16
) (/usr/share/texlive/texmf-dist/tex/generic/oberdiek/pdftexcmds.sty
Package: pdftexcmds 2011/11/29 v0.20 Utility functions of pdfTeX for LuaTeX (HO
)

(/usr/share/texlive/texmf-dist/tex/generic/oberdiek/ifluatex.sty
Package: ifluatex 2010/03/01 v1.3 Provides the ifluatex switch (HO)
Package ifluatex Info: LuaTeX not detected.
)
(/usr/share/texlive/texmf-dist/tex/generic/oberdiek/ifpdf.sty
Package: ifpdf 2011/01/30 v2.3 Provides the ifpdf switch (HO)
Package ifpdf Info: pdfTeX in PDF mode is detected.
)
Package pdftexcmds Info: LuaTeX not detected.
Package pdftexcmds Info: \pdf@primitive is available.
Package pdftexcmds Info: \pdf@ifprimitive is available.
Package pdftexcmds Info: \pdfdraftmode found.
)
(/usr/share/texlive/texmf-dist/tex/latex/oberdiek/epstopdf-base.sty
Package: epstopdf-base 2010/02/09 v2.5 Base part for package epstopdf

(/usr/share/texlive/texmf-dist/tex/latex/oberdiek/grfext.sty
Package: grfext 2010/08/19 v1.1 Manage graphics extensions (HO)

(/usr/share/texlive/texmf-dist/tex/generic/oberdiek/kvdefinekeys.sty
Package: kvdefinekeys 2011/04/07 v1.3 Define keys (HO)
))
(/usr/share/texlive/texmf-dist/tex/latex/oberdiek/kvoptions.sty
Package: kvoptions 2011/06/30 v3.11 Key value format for package options (HO)

(/usr/share/texlive/texmf-dist/tex/generic/oberdiek/kvsetkeys.sty
Package: kvsetkeys 2012/04/25 v1.16 Key value parser (HO)

(/usr/share/texlive/texmf-dist/tex/generic/oberdiek/etexcmds.sty
Package: etexcmds 2011/02/16 v1.5 Avoid name clashes with e-TeX commands (HO)
Package etexcmds Info: Could not find \expanded.
(etexcmds)             That can mean that you are not using pdfTeX 1.50 or
(etexcmds)             that some package has redefined \expanded.
(etexcmds)             In the latter case, load this package earlier.
)))
Package grfext Info: Graphics extension search list:
(grfext)             [.png,.pdf,.jpg,.mps,.jpeg,.jbig2,.jb2,.PNG,.PDF,.JPG,.JPE
G,.JBIG2,.JB2,.eps]
(grfext)             \AppendGraphicsExtensions on input line 452.

(/usr/share/texlive/texmf-dist/tex/latex/latexconfig/epstopdf-sys.cfg
File: epstopdf-sys.cfg 2010/07/13 v1.3 Configuration of (r)epstopdf for TeX Liv
e
))
LaTeX Font Info:    External font `cmex10' loaded for size
(Font)              <12> on input line 9.
LaTeX Font Info:    External font `cmex10' loaded for size
(Font)              <8> on input line 9.
LaTeX Font Info:    External font `cmex10' loaded for size
(Font)              <6> on input line 9.

[1

{/var/lib/texmf/fonts/map/pdftex/updmap/pdftex.map}] (./project2.toc
LaTeX Font Info:    External font `cmex10' loaded for size
(Font)              <7> on input line 3.
LaTeX Font Info:    External font `cmex10' loaded for size
(Font)              <5> on input line 3.
 [1

])
\tf@toc=\write3
\openout3 = `project2.toc'.


[2]
Chapter 1.
[3

]
Missing character: There is no â in font cmr10!
Missing character: There is no € in font cmr10!
Missing character: There is no ™ in font cmr10!
 [4]
Chapter 2.
Missing character: There is no â in font cmr10!
Missing character: There is no € in font cmr10!
Missing character: There is no ™ in font cmr10!
Missing character: There is no â in font cmr10!
Missing character: There is no € in font cmr10!
Missing character: There is no ™ in font cmr10!
[5

] <figures/treasures.png, id=26, 547.04375pt x 90.3375pt>
File: figures/treasures.png Graphic file (type png)

<use figures/treasures.png>
Package pdftex.def Info: figures/treasures.png used on input line 45.
(pdftex.def)             Requested size: 351.90147pt x 58.11215pt.

Overfull \hbox (6.90147pt too wide) in paragraph at lines 45--46
 [][] 
 []

[6 <./figures/treasures.png>] [7] [8] [9] [10] [11]
Chapter 3.
LaTeX Font Info:    Try loading font information for OMS+cmr on input line 111.

(/usr/share/texlive/texmf-dist/tex/latex/base/omscmr.fd
File: omscmr.fd 1999/05/25 v2.5h Standard LaTeX font definitions
)
LaTeX Font Info:    Font shape `OMS/cmr/m/n' in size <10> not available
(Font)              Font shape `OMS/cmsy/m/n' tried instead on input line 111.
 [12

] [13] [14]
Chapter 4.
[15

] <figures/mainCommunication.png, id=60, 369.38pt x 377.41pt>
File: figures/mainCommunication.png Graphic file (type png)

<use figures/mainCommunication.png>
Package pdftex.def Info: figures/mainCommunication.png used on input line 169.
(pdftex.def)             Requested size: 241.49895pt x 246.74753pt.

<figures/RosCommunication.png, id=62, 330.23375pt x 368.37625pt>
File: figures/RosCommunication.png Graphic file (type png)

<use figures/RosCommunication.png>
Package pdftex.def Info: figures/RosCommunication.png used on input line 180.
(pdftex.def)             Requested size: 276.00105pt x 307.88817pt.
 [16 <./figures/mainCommunication.png>]
Overfull \hbox (15.76448pt too wide) in paragraph at lines 187--188
\OT1/cmr/m/n/10 In the Graph-i-cal User In-ter-face, we can't take ad-van-tage 
of the Pub-lisher/Subscriber
 []

[17 <./figures/RosCommunication.png>]
<figures/GUICommunication.png, id=71, 352.31625pt x 445.665pt>
File: figures/GUICommunication.png Graphic file (type png)

<use figures/GUICommunication.png>
Package pdftex.def Info: figures/GUICommunication.png used on input line 192.
(pdftex.def)             Requested size: 276.00105pt x 349.12697pt.
 [18 <./figures/GUICommunication.png>]
<figures/RVIZ.png, id=77, 1627.07875pt x 1026.83624pt>
File: figures/RVIZ.png Graphic file (type png)
 <use figures/RVIZ.png>
Package pdftex.def Info: figures/RVIZ.png used on input line 205.
(pdftex.def)             Requested size: 207.0021pt x 130.6261pt.

[19 <./figures/RVIZ.png>]
<figures/ROSPlan.png, id=81, 464.73625pt x 94.3525pt>
File: figures/ROSPlan.png Graphic file (type png)

<use figures/ROSPlan.png>
Package pdftex.def Info: figures/ROSPlan.png used on input line 215.
(pdftex.def)             Requested size: 345.0pt x 70.04433pt.
 [20 <./figures/ROSPlan.png>]
<figures/GUIDesign.png, id=85, 640.3925pt x 456.70625pt>
File: figures/GUIDesign.png Graphic file (type png)

<use figures/GUIDesign.png>
Package pdftex.def Info: figures/GUIDesign.png used on input line 243.
(pdftex.def)             Requested size: 345.0pt x 246.04625pt.
 [21 <./figures/GUIDesign.png>]
Missing character: There is no â in font cmr10!
Missing character: There is no € in font cmr10!
Missing character: There is no ™ in font cmr10!
 [22]
Missing character: There is no â in font cmr10!
Missing character: There is no € in font cmr10!
Missing character: There is no ™ in font cmr10!

<figures/GuiUseCase2.png, id=92, 699.61375pt x 194.7275pt>
File: figures/GuiUseCase2.png Graphic file (type png)

<use figures/GuiUseCase2.png>
Package pdftex.def Info: figures/GuiUseCase2.png used on input line 278.
(pdftex.def)             Requested size: 345.0pt x 96.02641pt.
 [23 <./figures/GuiUseCase2.png>]
<figures/flowChart.png, id=97, 735.74875pt x 534.99875pt>
File: figures/flowChart.png Graphic file (type png)

<use figures/flowChart.png>
Package pdftex.def Info: figures/flowChart.png used on input line 286.
(pdftex.def)             Requested size: 379.5021pt x 275.96417pt.

Overfull \hbox (34.5021pt too wide) in paragraph at lines 286--287
 [][] 
 []

[24 <./figures/flowChart.png>]
Chapter 5.
[25

] [26] [27] [28] <figures/ROSmapping.png, id=115, 1663.21375pt x 835.12pt>
File: figures/ROSmapping.png Graphic file (type png)

<use figures/ROSmapping.png>
Package pdftex.def Info: figures/ROSmapping.png used on input line 349.
(pdftex.def)             Requested size: 550.0pt x 276.16388pt.
 [29 <./figures/ROSmapping.png>] [30


] [31] [32]
[33] [34] [35] [36]
Chapter 6.
[37

] [38] [39]
Chapter 7.

Overfull \hbox (4.18628pt too wide) in paragraph at lines 500--500
[]\OT1/cmr/bx/n/14.4 Future pos-si-bil-i-ties for ex-pand-ing the project 
 []

[40

] [41] [42] [43]
Chapter 8.
[44

]
Missing character: There is no â in font cmti10!
Missing character: There is no € in font cmti10!
Missing character: There is no “ in font cmti10!
 [45

]
Underfull \hbox (badness 10000) in paragraph at lines 573--574
[]\OT1/cmr/m/n/10 Multiple robots sim-u-la-tion and nav-i-ga-tion,
 []


Underfull \hbox (badness 10000) in paragraph at lines 573--574
\OT1/cmr/m/it/10 http://answers.ros.org/question/41433/multiple-robots-simulati
on-
 []


Underfull \hbox (badness 10000) in paragraph at lines 576--577
[]\OT1/cmr/m/n/10 Discussion on C++ be-ing plat-form de-pen-dent.
 []

[46] (./project2.aux) ) 
Here is how much of TeX's memory you used:
 1614 strings out of 493304
 23456 string characters out of 6139871
 82988 words of memory out of 5000000
 5062 multiletter control sequences out of 15000+600000
 9453 words of font info for 33 fonts, out of 8000000 for 9000
 957 hyphenation exceptions out of 8191
 37i,6n,23p,1205b,257s stack positions out of 5000i,500n,10000p,200000b,80000s
</usr/share/texlive/texmf-dist/fonts/type1/public/amsfon
ts/cm/cmbx10.pfb></usr/share/texlive/texmf-dist/fonts/type1/public/amsfonts/cm/
cmbx12.pfb></usr/share/texlive/texmf-dist/fonts/type1/public/amsfonts/cm/cmr10.
pfb></usr/share/texlive/texmf-dist/fonts/type1/public/amsfonts/cm/cmr12.pfb></u
sr/share/texlive/texmf-dist/fonts/type1/public/amsfonts/cm/cmr17.pfb></usr/shar
e/texlive/texmf-dist/fonts/type1/public/amsfonts/cm/cmsy10.pfb></usr/share/texl
ive/texmf-dist/fonts/type1/public/amsfonts/cm/cmti10.pfb>
Output written on project2.pdf (47 pages, 703521 bytes).
PDF statistics:
 202 PDF objects out of 1000 (max. 8388607)
 128 compressed objects within 2 object streams
 0 named destinations out of 1000 (max. 500000)
 51 words of extra memory for PDF output out of 10000 (max. 10000000)

