This is pdfTeX, Version 3.1415926-2.5-1.40.14 (TeX Live 2013/Debian) (format=pdflatex 2015.10.27)  25 APR 2016 04:58
entering extended mode
 restricted \write18 enabled.
 %&-line parsing enabled.
**report.tex
(./report.tex
LaTeX2e <2011/06/27>
Babel <3.9h> and hyphenation patterns for 2 languages loaded.
(./informatics-report.cls
(/usr/share/texlive/texmf-dist/tex/latex/base/report.cls
Document Class: report 2007/10/19 v1.4h Standard LaTeX document class
(/usr/share/texlive/texmf-dist/tex/latex/base/size10.clo
File: size10.clo 2007/10/19 v1.4h Standard LaTeX file (size option)
)
\c@part=\count79
\c@chapter=\count80
\c@section=\count81
\c@subsection=\count82
\c@subsubsection=\count83
\c@paragraph=\count84
\c@subparagraph=\count85
\c@figure=\count86
\c@table=\count87
\abovecaptionskip=\skip41
\belowcaptionskip=\skip42
\bibindent=\dimen102
)
Document Class: informatics-report 2012/10/07 Informatics Final Year Project Re
port Class
(/usr/share/texlive/texmf-dist/tex/latex/graphics/graphicx.sty
Package: graphicx 1999/02/16 v1.0f Enhanced LaTeX Graphics (DPC,SPQR)

(/usr/share/texlive/texmf-dist/tex/latex/graphics/keyval.sty
Package: keyval 1999/03/16 v1.13 key=value parser (DPC)
\KV@toks@=\toks14
)
(/usr/share/texlive/texmf-dist/tex/latex/graphics/graphics.sty
Package: graphics 2009/02/05 v1.0o Standard LaTeX Graphics (DPC,SPQR)

(/usr/share/texlive/texmf-dist/tex/latex/graphics/trig.sty
Package: trig 1999/03/16 v1.09 sin cos tan (DPC)
)
(/usr/share/texlive/texmf-dist/tex/latex/latexconfig/graphics.cfg
File: graphics.cfg 2010/04/23 v1.9 graphics configuration of TeX Live
)
Package graphics Info: Driver file: pdftex.def on input line 91.

(/usr/share/texlive/texmf-dist/tex/latex/pdftex-def/pdftex.def
File: pdftex.def 2011/05/27 v0.06d Graphics/color for pdfTeX

(/usr/share/texlive/texmf-dist/tex/generic/oberdiek/infwarerr.sty
Package: infwarerr 2010/04/08 v1.3 Providing info/warning/error messages (HO)
)
(/usr/share/texlive/texmf-dist/tex/generic/oberdiek/ltxcmds.sty
Package: ltxcmds 2011/11/09 v1.22 LaTeX kernel commands for general use (HO)
)
\Gread@gobject=\count88
))
\Gin@req@height=\dimen103
\Gin@req@width=\dimen104
)
(/usr/share/texlive/texmf-dist/tex/latex/geometry/geometry.sty
Package: geometry 2010/09/12 v5.6 Page Geometry

(/usr/share/texlive/texmf-dist/tex/generic/oberdiek/ifpdf.sty
Package: ifpdf 2011/01/30 v2.3 Provides the ifpdf switch (HO)
Package ifpdf Info: pdfTeX in PDF mode is detected.
)
(/usr/share/texlive/texmf-dist/tex/generic/oberdiek/ifvtex.sty
Package: ifvtex 2010/03/01 v1.5 Detect VTeX and its facilities (HO)
Package ifvtex Info: VTeX not detected.
)
(/usr/share/texlive/texmf-dist/tex/generic/ifxetex/ifxetex.sty
Package: ifxetex 2010/09/12 v0.6 Provides ifxetex conditional
)
\Gm@cnth=\count89
\Gm@cntv=\count90
\c@Gm@tempcnt=\count91
\Gm@bindingoffset=\dimen105
\Gm@wd@mp=\dimen106
\Gm@odd@mp=\dimen107
\Gm@even@mp=\dimen108
\Gm@layoutwidth=\dimen109
\Gm@layoutheight=\dimen110
\Gm@layouthoffset=\dimen111
\Gm@layoutvoffset=\dimen112
\Gm@dimlist=\toks15
)
(/usr/share/texlive/texmf-dist/tex/latex/tools/layout.sty
Package: layout 2000/09/25 v1.2c Show layout parameters
\oneinch=\count92
\cnt@paperwidth=\count93
\cnt@paperheight=\count94
\cnt@hoffset=\count95
\cnt@voffset=\count96
\cnt@textheight=\count97
\cnt@textwidth=\count98
\cnt@topmargin=\count99
\cnt@oddsidemargin=\count100
\cnt@evensidemargin=\count101
\cnt@headheight=\count102
\cnt@headsep=\count103
\cnt@marginparsep=\count104
\cnt@marginparwidth=\count105
\cnt@marginparpush=\count106
\cnt@footskip=\count107
\fheight=\count108
\ref@top=\count109
\ref@hoffset=\count110
\ref@voffset=\count111
\ref@head=\count112
\ref@body=\count113
\ref@foot=\count114
\ref@margin=\count115
\ref@marginwidth=\count116
\ref@marginpar=\count117
\Interval=\count118
\ExtraYPos=\count119
\PositionX=\count120
\PositionY=\count121
\ArrowLength=\count122
)
(/usr/share/texlive/texmf-dist/tex/latex/url/url.sty
\Urlmuskip=\muskip10
Package: url 2013/09/16  ver 3.4  Verb mode for urls, etc.
)
(/usr/share/texlive/texmf-dist/tex/latex/tools/verbatim.sty
Package: verbatim 2003/08/22 v1.5q LaTeX2e package for verbatim enhancements
\every@verbatim=\toks16
\verbatim@line=\toks17
\verbatim@in@stream=\read1
)
(/usr/share/texlive/texmf-dist/tex/latex/listings/listings.sty
\lst@mode=\count123
\lst@gtempboxa=\box26
\lst@token=\toks18
\lst@length=\count124
\lst@currlwidth=\dimen113
\lst@column=\count125
\lst@pos=\count126
\lst@lostspace=\dimen114
\lst@width=\dimen115
\lst@newlines=\count127
\lst@lineno=\count128
\lst@maxwidth=\dimen116

(/usr/share/texlive/texmf-dist/tex/latex/listings/lstmisc.sty
File: lstmisc.sty 2013/08/26 1.5b (Carsten Heinz)
\c@lstnumber=\count129
\lst@skipnumbers=\count130
\lst@framebox=\box27
)
(/usr/share/texlive/texmf-dist/tex/latex/listings/listings.cfg
File: listings.cfg 2013/08/26 1.5b listings configuration
))
Package: listings 2013/08/26 1.5b (Carsten Heinz)

(/usr/share/texlive/texmf-dist/tex/latex/graphics/color.sty
Package: color 2005/11/14 v1.0j Standard LaTeX Color (DPC)

(/usr/share/texlive/texmf-dist/tex/latex/latexconfig/color.cfg
File: color.cfg 2007/01/18 v1.5 color configuration of teTeX/TeXLive
)
Package color Info: Driver file: pdftex.def on input line 130.
)
(/usr/share/texmf/tex/latex/lm/lmodern.sty
Package: lmodern 2009/10/30 v1.6 Latin Modern Fonts
LaTeX Font Info:    Overwriting symbol font `operators' in version `normal'
(Font)                  OT1/cmr/m/n --> OT1/lmr/m/n on input line 22.
LaTeX Font Info:    Overwriting symbol font `letters' in version `normal'
(Font)                  OML/cmm/m/it --> OML/lmm/m/it on input line 23.
LaTeX Font Info:    Overwriting symbol font `symbols' in version `normal'
(Font)                  OMS/cmsy/m/n --> OMS/lmsy/m/n on input line 24.
LaTeX Font Info:    Overwriting symbol font `largesymbols' in version `normal'
(Font)                  OMX/cmex/m/n --> OMX/lmex/m/n on input line 25.
LaTeX Font Info:    Overwriting symbol font `operators' in version `bold'
(Font)                  OT1/cmr/bx/n --> OT1/lmr/bx/n on input line 26.
LaTeX Font Info:    Overwriting symbol font `letters' in version `bold'
(Font)                  OML/cmm/b/it --> OML/lmm/b/it on input line 27.
LaTeX Font Info:    Overwriting symbol font `symbols' in version `bold'
(Font)                  OMS/cmsy/b/n --> OMS/lmsy/b/n on input line 28.
LaTeX Font Info:    Overwriting symbol font `largesymbols' in version `bold'
(Font)                  OMX/cmex/m/n --> OMX/lmex/m/n on input line 29.
LaTeX Font Info:    Overwriting math alphabet `\mathbf' in version `normal'
(Font)                  OT1/cmr/bx/n --> OT1/lmr/bx/n on input line 31.
LaTeX Font Info:    Overwriting math alphabet `\mathsf' in version `normal'
(Font)                  OT1/cmss/m/n --> OT1/lmss/m/n on input line 32.
LaTeX Font Info:    Overwriting math alphabet `\mathit' in version `normal'
(Font)                  OT1/cmr/m/it --> OT1/lmr/m/it on input line 33.
LaTeX Font Info:    Overwriting math alphabet `\mathtt' in version `normal'
(Font)                  OT1/cmtt/m/n --> OT1/lmtt/m/n on input line 34.
LaTeX Font Info:    Overwriting math alphabet `\mathbf' in version `bold'
(Font)                  OT1/cmr/bx/n --> OT1/lmr/bx/n on input line 35.
LaTeX Font Info:    Overwriting math alphabet `\mathsf' in version `bold'
(Font)                  OT1/cmss/bx/n --> OT1/lmss/bx/n on input line 36.
LaTeX Font Info:    Overwriting math alphabet `\mathit' in version `bold'
(Font)                  OT1/cmr/bx/it --> OT1/lmr/bx/it on input line 37.
LaTeX Font Info:    Overwriting math alphabet `\mathtt' in version `bold'
(Font)                  OT1/cmtt/m/n --> OT1/lmtt/m/n on input line 38.
)
(/usr/share/texlive/texmf-dist/tex/latex/setspace/setspace.sty
Package: setspace 2011/12/19 v6.7a set line spacing
))
(/usr/share/texlive/texmf-dist/tex/latex/natbib/natbib.sty
Package: natbib 2010/09/13 8.31b (PWD, AO)
\bibhang=\skip43
\bibsep=\skip44
LaTeX Info: Redefining \cite on input line 694.
\c@NAT@ctr=\count131
) (./report.aux
(./Chapters/Background.aux) (./Chapters/DesignSpecification.aux)
(./Chapters/Implementation.aux) (./Chapters/ProfessionalIssues.aux)
(./Chapters/Testing.aux) (./Chapters/Evaluation.aux) (./Chapters/Conclusion.aux
) (./Appendices/UserGuide.aux) (./Appendices/SourceCode.aux))
\openout1 = `report.aux'.

LaTeX Font Info:    Checking defaults for OML/cmm/m/it on input line 23.
LaTeX Font Info:    ... okay on input line 23.
LaTeX Font Info:    Checking defaults for T1/cmr/m/n on input line 23.
LaTeX Font Info:    ... okay on input line 23.
LaTeX Font Info:    Checking defaults for OT1/cmr/m/n on input line 23.
LaTeX Font Info:    ... okay on input line 23.
LaTeX Font Info:    Checking defaults for OMS/cmsy/m/n on input line 23.
LaTeX Font Info:    ... okay on input line 23.
LaTeX Font Info:    Checking defaults for OMX/cmex/m/n on input line 23.
LaTeX Font Info:    ... okay on input line 23.
LaTeX Font Info:    Checking defaults for U/cmr/m/n on input line 23.
LaTeX Font Info:    ... okay on input line 23.
LaTeX Font Info:    Try loading font information for OT1+lmr on input line 23.

(/usr/share/texmf/tex/latex/lm/ot1lmr.fd
File: ot1lmr.fd 2009/10/30 v1.6 Font defs for Latin Modern
)
(/usr/share/texlive/texmf-dist/tex/context/base/supp-pdf.mkii
[Loading MPS to PDF converter (version 2006.09.02).]
\scratchcounter=\count132
\scratchdimen=\dimen117
\scratchbox=\box28
\nofMPsegments=\count133
\nofMParguments=\count134
\everyMPshowfont=\toks19
\MPscratchCnt=\count135
\MPscratchDim=\dimen118
\MPnumerator=\count136
\makeMPintoPDFobject=\count137
\everyMPtoPDFconversion=\toks20
) (/usr/share/texlive/texmf-dist/tex/generic/oberdiek/pdftexcmds.sty
Package: pdftexcmds 2011/11/29 v0.20 Utility functions of pdfTeX for LuaTeX (HO
)

(/usr/share/texlive/texmf-dist/tex/generic/oberdiek/ifluatex.sty
Package: ifluatex 2010/03/01 v1.3 Provides the ifluatex switch (HO)
Package ifluatex Info: LuaTeX not detected.
)
Package pdftexcmds Info: LuaTeX not detected.
Package pdftexcmds Info: \pdf@primitive is available.
Package pdftexcmds Info: \pdf@ifprimitive is available.
Package pdftexcmds Info: \pdfdraftmode found.
)
(/usr/share/texlive/texmf-dist/tex/latex/oberdiek/epstopdf-base.sty
Package: epstopdf-base 2010/02/09 v2.5 Base part for package epstopdf

(/usr/share/texlive/texmf-dist/tex/latex/oberdiek/grfext.sty
Package: grfext 2010/08/19 v1.1 Manage graphics extensions (HO)

(/usr/share/texlive/texmf-dist/tex/generic/oberdiek/kvdefinekeys.sty
Package: kvdefinekeys 2011/04/07 v1.3 Define keys (HO)
))
(/usr/share/texlive/texmf-dist/tex/latex/oberdiek/kvoptions.sty
Package: kvoptions 2011/06/30 v3.11 Key value format for package options (HO)

(/usr/share/texlive/texmf-dist/tex/generic/oberdiek/kvsetkeys.sty
Package: kvsetkeys 2012/04/25 v1.16 Key value parser (HO)

(/usr/share/texlive/texmf-dist/tex/generic/oberdiek/etexcmds.sty
Package: etexcmds 2011/02/16 v1.5 Avoid name clashes with e-TeX commands (HO)
Package etexcmds Info: Could not find \expanded.
(etexcmds)             That can mean that you are not using pdfTeX 1.50 or
(etexcmds)             that some package has redefined \expanded.
(etexcmds)             In the latter case, load this package earlier.
)))
Package grfext Info: Graphics extension search list:
(grfext)             [.png,.pdf,.jpg,.mps,.jpeg,.jbig2,.jb2,.PNG,.PDF,.JPG,.JPE
G,.JBIG2,.JB2,.eps]
(grfext)             \AppendGraphicsExtensions on input line 452.

(/usr/share/texlive/texmf-dist/tex/latex/latexconfig/epstopdf-sys.cfg
File: epstopdf-sys.cfg 2010/07/13 v1.3 Configuration of (r)epstopdf for TeX Liv
e
))
*geometry* driver: auto-detecting
*geometry* detected driver: pdftex
*geometry* verbose mode - [ preamble ] result:
* driver: pdftex
* paper: <default>
* layout: <same size as paper>
* layoutoffset:(h,v)=(0.0pt,0.0pt)
* modes: 
* h-part:(L,W,R)=(101.17755pt, 411.9399pt, 101.17755pt)
* v-part:(T,H,B)=(57.81621pt, 664.88379pt, 72.26999pt)
* \paperwidth=614.295pt
* \paperheight=794.96999pt
* \textwidth=411.9399pt
* \textheight=664.88379pt
* \oddsidemargin=28.90756pt
* \evensidemargin=28.90756pt
* \topmargin=-51.45378pt
* \headheight=12.0pt
* \headsep=25.0pt
* \topskip=10.0pt
* \footskip=30.0pt
* \marginparwidth=65.0pt
* \marginparsep=11.0pt
* \columnsep=10.0pt
* \skip\footins=9.0pt plus 4.0pt minus 2.0pt
* \hoffset=0.0pt
* \voffset=0.0pt
* \mag=1000
* \@twocolumnfalse
* \@twosidefalse
* \@mparswitchfalse
* \@reversemarginfalse
* (1in=72.27pt=25.4mm, 1cm=28.453pt)

\c@lstlisting=\count138
*geometry* verbose mode - [ newgeometry ] result:
* driver: pdftex
* paper: <default>
* layout: <same size as paper>
* layoutoffset:(h,v)=(0.0pt,0.0pt)
* modes: 
* h-part:(L,W,R)=(92.14519pt, 430.00462pt, 92.14519pt)
* v-part:(T,H,B)=(57.81621pt, 641.75641pt, 95.39737pt)
* \paperwidth=614.295pt
* \paperheight=794.96999pt
* \textwidth=430.00462pt
* \textheight=641.75641pt
* \oddsidemargin=19.8752pt
* \evensidemargin=19.8752pt
* \topmargin=-51.45378pt
* \headheight=12.0pt
* \headsep=25.0pt
* \topskip=10.0pt
* \footskip=30.0pt
* \marginparwidth=65.0pt
* \marginparsep=11.0pt
* \columnsep=10.0pt
* \skip\footins=9.0pt plus 4.0pt minus 2.0pt
* \hoffset=0.0pt
* \voffset=0.0pt
* \mag=1000
* \@twocolumnfalse
* \@twosidefalse
* \@mparswitchfalse
* \@reversemarginfalse
* (1in=72.27pt=25.4mm, 1cm=28.453pt)

<FrontMatter/logo.png, id=1, 234.8775pt x 214.8025pt>
File: FrontMatter/logo.png Graphic file (type png)

<use FrontMatter/logo.png>
Package pdftex.def Info: FrontMatter/logo.png used on input line 24.
(pdftex.def)             Requested size: 93.94933pt x 85.91946pt.
 [1


{/var/lib/texmf/fonts/map/pdftex/updmap/pdftex.map} <./FrontMatter/logo.png (PN
G copy)>] (./FrontMatter/abstract.tex) [1

]
[1] (./FrontMatter/acknowledgements.tex) [0

] (./report.toc
LaTeX Font Info:    Try loading font information for OML+lmm on input line 3.

(/usr/share/texmf/tex/latex/lm/omllmm.fd
File: omllmm.fd 2009/10/30 v1.6 Font defs for Latin Modern
)
LaTeX Font Info:    Try loading font information for OMS+lmsy on input line 3.

(/usr/share/texmf/tex/latex/lm/omslmsy.fd
File: omslmsy.fd 2009/10/30 v1.6 Font defs for Latin Modern
)
LaTeX Font Info:    Try loading font information for OMX+lmex on input line 3.

(/usr/share/texmf/tex/latex/lm/omxlmex.fd
File: omxlmex.fd 2009/10/30 v1.6 Font defs for Latin Modern
)
LaTeX Font Info:    External font `lmex10' loaded for size
(Font)              <10> on input line 3.
LaTeX Font Info:    External font `lmex10' loaded for size
(Font)              <7> on input line 3.
LaTeX Font Info:    External font `lmex10' loaded for size
(Font)              <5> on input line 3.
 [1

])
\tf@toc=\write3
\openout3 = `report.toc'.

 [2]
Chapter 1.
[3

] [4]
\openout2 = `Chapters/Background.aux'.

 (./Chapters/Background.tex
Chapter 2.
[5


] <figures/treasures.png, id=36, 547.04375pt x 90.3375pt>
File: figures/treasures.png Graphic file (type png)

<use figures/treasures.png>
Package pdftex.def Info: figures/treasures.png used on input line 16.
(pdftex.def)             Requested size: 420.18045pt x 69.38777pt.

Overfull \hbox (8.24055pt too wide) in paragraph at lines 16--17
 [][] 
 []

[6 <./figures/treasures.png>] [7] [8] [9] [10]) [11]
\openout2 = `Chapters/DesignSpecification.aux'.


(./Chapters/DesignSpecification.tex
Chapter 3.
LaTeX Font Info:    Try loading font information for OMS+lmr on input line 8.
(/usr/share/texmf/tex/latex/lm/omslmr.fd
File: omslmr.fd 2009/10/30 v1.6 Font defs for Latin Modern
)
LaTeX Font Info:    Font shape `OMS/lmr/m/n' in size <10> not available
(Font)              Font shape `OMS/lmsy/m/n' tried instead on input line 8.
 [12



] [13] [14]
Chapter 4.
[15

] <figures/mainCommunication.png, id=70, 369.38pt x 377.41pt>
File: figures/mainCommunication.png Graphic file (type png)

<use figures/mainCommunication.png>
Package pdftex.def Info: figures/mainCommunication.png used on input line 66.
(pdftex.def)             Requested size: 288.35666pt x 294.62624pt.
 [16 <./figures/mainCommunication.png>]
<figures/RosCommunication.png, id=76, 330.23375pt x 368.37625pt>
File: figures/RosCommunication.png Graphic file (type png)

<use figures/RosCommunication.png>
Package pdftex.def Info: figures/RosCommunication.png used on input line 77.
(pdftex.def)             Requested size: 329.55316pt x 367.62775pt.
 [17 <./figures/RosCommunication.png>]
<figures/GUICommunication.png, id=81, 352.31625pt x 445.665pt>
File: figures/GUICommunication.png Graphic file (type png)

<use figures/GUICommunication.png>
Package pdftex.def Info: figures/GUICommunication.png used on input line 89.
(pdftex.def)             Requested size: 329.55316pt x 416.87148pt.
 [18]
<figures/RVIZ.png, id=85, 1627.07875pt x 1026.83624pt>
File: figures/RVIZ.png Graphic file (type png)
 <use figures/RVIZ.png>
Package pdftex.def Info: figures/RVIZ.png used on input line 102.
(pdftex.def)             Requested size: 247.16644pt x 155.97731pt.

[19 <./figures/GUICommunication.png>]
<figures/ROSPlan.png, id=90, 464.73625pt x 94.3525pt>
File: figures/ROSPlan.png Graphic file (type png)

<use figures/ROSPlan.png>
Package pdftex.def Info: figures/ROSPlan.png used on input line 112.
(pdftex.def)             Requested size: 411.9399pt x 83.6351pt.
 [20 <./figures/RVIZ.png> <./figures/ROSPlan.png>]
<figures/GUIDesign.png, id=94, 640.3925pt x 456.70625pt>
File: figures/GUIDesign.png Graphic file (type png)

<use figures/GUIDesign.png>
Package pdftex.def Info: figures/GUIDesign.png used on input line 140.
(pdftex.def)             Requested size: 411.9399pt x 293.7823pt.
 [21] [22 <./figures/GUIDesign.png>] [23]
<figures/GuiUseCase2.png, id=105, 726.715pt x 194.7275pt>
File: figures/GuiUseCase2.png Graphic file (type png)

<use figures/GuiUseCase2.png>
Package pdftex.def Info: figures/GuiUseCase2.png used on input line 175.
(pdftex.def)             Requested size: 411.9399pt x 110.38373pt.

<figures/flowChart.png, id=106, 767.86874pt x 541.02126pt>
File: figures/flowChart.png Graphic file (type png)

<use figures/flowChart.png>
Package pdftex.def Info: figures/flowChart.png used on input line 183.
(pdftex.def)             Requested size: 453.1364pt x 319.27406pt.

Overfull \hbox (41.1965pt too wide) in paragraph at lines 183--184
 [][] 
 []

) [24 <./figures/GuiUseCase2.png>] [25 <./figures/flowChart.png>]
\openout2 = `Chapters/Implementation.aux'.


(./Chapters/Implementation.tex
Chapter 5.
[26



] [27] <figures/RVizImpl.png, id=122, 1927.2pt x 1084.05pt>
File: figures/RVizImpl.png Graphic file (type png)

<use figures/RVizImpl.png>
Package pdftex.def Info: figures/RVizImpl.png used on input line 39.
(pdftex.def)             Requested size: 411.9399pt x 231.70982pt.
 [28] [29 <./figures/RVizImpl.png>]
<figures/ROSmapping.png, id=130, 954.56625pt x 412.54124pt>
File: figures/ROSmapping.png Graphic file (type png)

<use figures/ROSmapping.png>
Package pdftex.def Info: figures/ROSmapping.png used on input line 60.
(pdftex.def)             Requested size: 411.9399pt x 178.02505pt.
 [30] [31 <./figures/ROSmapping.png>] [32] [33]
[34] [35] [36] [37] [38] [39] [40]
Underfull \hbox (badness 10000) in paragraph at lines 198--208

 []

[41] [42] <figures/finished.png, id=175, 1007.765pt x 757.83125pt>
File: figures/finished.png Graphic file (type png)

<use figures/finished.png>
Package pdftex.def Info: figures/finished.png used on input line 239.
(pdftex.def)             Requested size: 411.9399pt x 309.77617pt.
 [43] [44 <./figures/finished.png>]
<figures/App1.png, id=183, 312.16624pt x 132.495pt>
File: figures/App1.png Graphic file (type png)
 <use figures/App1.png>
Package pdftex.def Info: figures/App1.png used on input line 265.
(pdftex.def)             Requested size: 164.77344pt x 69.93694pt.

[45 <./figures/App1.png>] <figures/App2.png, id=189, 576.1525pt x 154.5775pt>
File: figures/App2.png Graphic file (type png)

<use figures/App2.png>
Package pdftex.def Info: figures/App2.png used on input line 275.
(pdftex.def)             Requested size: 164.77344pt x 44.206pt.
 <figures/App3.png, id=190, 181.67876pt x 214.8025pt>
File: figures/App3.png Graphic file (type png)

<use figures/App3.png>
Package pdftex.def Info: figures/App3.png used on input line 283.
(pdftex.def)             Requested size: 123.58322pt x 146.11948pt.
 <figures/App4.png, id=191, 325.215pt x 91.34125pt>
File: figures/App4.png Graphic file (type png)

<use figures/App4.png>
Package pdftex.def Info: figures/App4.png used on input line 291.
(pdftex.def)             Requested size: 164.77344pt x 46.27957pt.
 [46 <./figures/App2.png> <./figures/App3.png>]
<figures/App5.png, id=198, 527.9725pt x 134.5025pt>
File: figures/App5.png Graphic file (type png)
 <use figures/App5.png>
Package pdftex.def Info: figures/App5.png used on input line 299.
(pdftex.def)             Requested size: 164.77344pt x 41.9765pt.

<figures/App6.png, id=199, 795.97375pt x 731.73375pt>
File: figures/App6.png Graphic file (type png)
 <use figures/App6.png>
Package pdftex.def Info: figures/App6.png used on input line 307.
(pdftex.def)             Requested size: 164.77344pt x 151.46904pt.

<figures/App7.png, id=200, 315.1775pt x 125.46875pt>
File: figures/App7.png Graphic file (type png)
 <use figures/App7.png>
Package pdftex.def Info: figures/App7.png used on input line 315.
(pdftex.def)             Requested size: 164.77344pt x 65.59447pt.

[47 <./figures/App4.png> <./figures/App5.png> <./figures/App6.png>]
<figures/App8.png, id=207, 713.66624pt x 125.46875pt>
File: figures/App8.png Graphic file (type png)
 <use figures/App8.png>
Package pdftex.def Info: figures/App8.png used on input line 323.
(pdftex.def)             Requested size: 247.16644pt x 43.45331pt.
)
[48 <./figures/App7.png> <./figures/App8.png>]
\openout2 = `Chapters/ProfessionalIssues.aux'.


(./Chapters/ProfessionalIssues.tex
Chapter 6.
) [49



]
\openout2 = `Chapters/Testing.aux'.

 (./Chapters/Testing.tex
Chapter 7.
[50



] [51] [52] [53] [54] [55] [56]) [57]
\openout2 = `Chapters/Evaluation.aux'.

 (./Chapters/Evaluation.tex
Chapter 8.
[58



] [59]
Overfull \hbox (16.42104pt too wide) in paragraph at lines 32--33
\OT1/lmr/m/n/10 The sys-tem has been fully de-vel-oped and is ca-pa-ble of pro-
vid-ing func-tion-al-ity for the argumentation-
 []

[60] [61]) [62] [63]
\openout2 = `Chapters/Conclusion.aux'.

 (./Chapters/Conclusion.tex
Chapter 9.
) [64



] (./report.bbl [65


]
Overfull \hbox (6.23558pt too wide) in paragraph at lines 37--38
[]\OT1/lmr/m/n/10 Multiple robots sim-u-la-tion and nav-i-ga-tion, \OT1/lmr/m/i
t/10 http://answers.ros.org/question/41433/multiple-
 []


Overfull \hbox (34.5409pt too wide) in paragraph at lines 40--41
[]\OT1/lmr/m/n/10 Discussion on C++ be-ing plat-form de-pen-dent. \OT1/lmr/m/it
/10 http://stackoverflow.com/questions/11810484/why-
 []

) [66]
\openout2 = `Appendices/UserGuide.aux'.

 (./Appendices/UserGuide.tex
Appendix A.
<figures/IOError.png, id=270, 425.59pt x 97.36375pt>
File: figures/IOError.png Graphic file (type png)
 <use figures/IOError.png>
Package pdftex.def Info: figures/IOError.png used on input line 9.
(pdftex.def)             Requested size: 164.77344pt x 37.69536pt.
File: figures/App1.png Graphic file (type png)

<use figures/App1.png>
Package pdftex.def Info: figures/App1.png used on input line 17.
(pdftex.def)             Requested size: 164.77344pt x 69.93694pt.
File: figures/finished.png Graphic file (type png)
 <use figures/finished.png>
Package pdftex.def Info: figures/finished.png used on input line 25.
(pdftex.def)             Requested size: 164.77344pt x 123.90353pt.
 [67


 <./figures/IOError.png>]
File: figures/App2.png Graphic file (type png)

<use figures/App2.png>
Package pdftex.def Info: figures/App2.png used on input line 32.
(pdftex.def)             Requested size: 164.77344pt x 44.206pt.
File: figures/App3.png Graphic file (type png)
 <use figures/App3.png>
Package pdftex.def Info: figures/App3.png used on input line 38.
(pdftex.def)             Requested size: 123.58322pt x 146.11948pt.
File: figures/App4.png Graphic file (type png)
 <use figures/App4.png>
Package pdftex.def Info: figures/App4.png used on input line 44.
(pdftex.def)             Requested size: 123.58322pt x 34.71002pt.
File: figures/App5.png Graphic file (type png)

<use figures/App5.png>
Package pdftex.def Info: figures/App5.png used on input line 50.
(pdftex.def)             Requested size: 123.58322pt x 31.4829pt.
 [68]
File: figures/App6.png Graphic file (type png)
 <use figures/App6.png>
Package pdftex.def Info: figures/App6.png used on input line 58.
(pdftex.def)             Requested size: 123.58322pt x 113.60736pt.
File: figures/App7.png Graphic file (type png)
 <use figures/App7.png>
Package pdftex.def Info: figures/App7.png used on input line 66.
(pdftex.def)             Requested size: 123.58322pt x 49.19681pt.
File: figures/App8.png Graphic file (type png)

<use figures/App8.png>
Package pdftex.def Info: figures/App8.png used on input line 73.
(pdftex.def)             Requested size: 329.55316pt x 57.9384pt.
 [69] [70]) [71] [72]
\openout2 = `Appendices/SourceCode.aux'.

 (./Appendices/SourceCode.tex
Appendix B.
(/usr/share/texlive/texmf-dist/tex/latex/listings/lstlang1.sty
File: lstlang1.sty 2013/08/26 1.5b listings language file
)
LaTeX Font Info:    Try loading font information for OT1+lmtt on input line 24.


(/usr/share/texmf/tex/latex/lm/ot1lmtt.fd
File: ot1lmtt.fd 2009/10/30 v1.6 Font defs for Latin Modern
) [73



] [74] [75] [76] [77] [78]
[79] [80] [81] [82] [83] [84] [85] [86] [87] [88] [89] [90] [91] [92] [93]
[94] [95]
Overfull \hbox (2.12413pt too wide) in paragraph at lines 826--827
[][][][][][][][][][][][][][][][]  
 []

[96] [97] [98] [99] [100] [101] [102] [103] [104] [105] [106]
(/usr/share/texlive/texmf-dist/tex/latex/listings/lstlang1.sty
File: lstlang1.sty 2013/08/26 1.5b listings language file
)
(/usr/share/texlive/texmf-dist/tex/latex/listings/lstlang1.sty
File: lstlang1.sty 2013/08/26 1.5b listings language file
)
(/usr/share/texlive/texmf-dist/tex/latex/listings/lstmisc.sty
File: lstmisc.sty 2013/08/26 1.5b (Carsten Heinz)
) [107]
Overfull \hbox (31.41914pt too wide) in paragraph at lines 1257--1258
[][][][][][][][][][][][][][][][][][][][][][][][][][][][][][][][][][][][][][][][
][][][][][][][][][][][][][][][][][][][][][][][][][][][][][][][][][][][][][][][]
[][][][][][][][][][][][][][][][][][][][][][][][][]  
 []

[108]
Overfull \hbox (145.76399pt too wide) in paragraph at lines 1268--1269
[][][][][][][][][][][][][][][][][][][][][][][][][][][][][][][][][][][][][][][][
][][][][][][][][][][][][][][][][][][][][][][][][][][][][][][][][][][][][][][][]
[][][][][][][][][][][][][][][][][][][][][][][][][][][][][][][][][][]  
 []

[109] [110] [111] [112] [113] [114] [115] [116] [117] [118] [119] [120]
[121] [122] [123] [124] [125] [126] [127] [128] [129] [130] [131] [132]
[133] (/usr/share/texlive/texmf-dist/tex/latex/listings/lstlang1.sty
File: lstlang1.sty 2013/08/26 1.5b listings language file
)
(/usr/share/texlive/texmf-dist/tex/latex/listings/lstmisc.sty
File: lstmisc.sty 2013/08/26 1.5b (Carsten Heinz)
) [134] [135]
[136] [137] [138] [139] [140] [141] [142] [143] [144] [145] [146] [147]
[148] [149] [150] [151] [152] [153] [154] [155] [156] [157] [158] [159]
[160]) [161] (./report.aux (./Chapters/Background.aux)
(./Chapters/DesignSpecification.aux) (./Chapters/Implementation.aux)
(./Chapters/ProfessionalIssues.aux) (./Chapters/Testing.aux)
(./Chapters/Evaluation.aux) (./Chapters/Conclusion.aux)
(./Appendices/UserGuide.aux) (./Appendices/SourceCode.aux)) ) 
Here is how much of TeX's memory you used:
 5540 strings out of 495028
 80532 string characters out of 6181496
 206959 words of memory out of 5000000
 8571 multiletter control sequences out of 15000+600000
 52904 words of font info for 37 fonts, out of 8000000 for 9000
 14 hyphenation exceptions out of 8191
 38i,9n,60p,1581b,1563s stack positions out of 5000i,500n,10000p,200000b,80000s
{/usr/share/texmf/
fonts/enc/dvips/lm/lm-rmtt.enc}{/usr/share/texmf/fonts/enc/dvips/lm/lm-rm.enc}{
/usr/share/texmf/fonts/enc/dvips/lm/lm-mathsy.enc}</usr/share/texmf/fonts/type1
/public/lm/lmbx10.pfb></usr/share/texmf/fonts/type1/public/lm/lmbx12.pfb></usr/
share/texmf/fonts/type1/public/lm/lmbxi10.pfb></usr/share/texmf/fonts/type1/pub
lic/lm/lmr10.pfb></usr/share/texmf/fonts/type1/public/lm/lmr12.pfb></usr/share/
texmf/fonts/type1/public/lm/lmr5.pfb></usr/share/texmf/fonts/type1/public/lm/lm
ri10.pfb></usr/share/texmf/fonts/type1/public/lm/lmsy10.pfb></usr/share/texmf/f
onts/type1/public/lm/lmtt9.pfb>
Output written on report.pdf (165 pages, 1729877 bytes).
PDF statistics:
 615 PDF objects out of 1000 (max. 8388607)
 396 compressed objects within 4 object streams
 0 named destinations out of 1000 (max. 500000)
 111 words of extra memory for PDF output out of 10000 (max. 10000000)

